[03:04:44] [ServerMain/INFO]: Environment: Environment[sessionHost=https://sessionserver.mojang.com, servicesHost=https://api.minecraftservices.com, name=PROD]
[03:04:46] [ServerMain/INFO]: Loaded 1337 recipes
[03:04:46] [ServerMain/INFO]: Loaded 1448 advancements
[03:04:46] [Server thread/INFO]: Starting minecraft server version 1.21.3
[03:04:46] [Server thread/INFO]: Loading properties
[03:04:46] [Server thread/INFO]: Default game type: SURVIVAL
[03:04:46] [Server thread/INFO]: Generating keypair
[03:04:47] [Server thread/INFO]: Starting Minecraft server on *:25565
[03:04:47] [Server thread/INFO]: Using epoll channel type
[03:04:47] [Server thread/WARN]: **** SERVER IS RUNNING IN OFFLINE/INSECURE MODE!
[03:04:47] [Server thread/WARN]: The server will make no attempt to authenticate usernames. Beware.
[03:04:47] [Server thread/WARN]: While this makes the game possible to play without internet access, it also opens up the ability for hackers to connect with any username they choose.
[03:04:47] [Server thread/WARN]: To change this, set "online-mode" to "true" in the server.properties file.
[03:04:47] [Server thread/INFO]: Preparing level "world"
[03:04:47] [Server thread/INFO]: Preparing start region for dimension minecraft:overworld
[03:04:50] [Worker-Main-2/INFO]: Preparing spawn area: 0%
[03:04:50] [Worker-Main-2/INFO]: Preparing spawn area: 0%
[03:04:50] [Worker-Main-2/INFO]: Preparing spawn area: 0%
[03:04:50] [Worker-Main-2/INFO]: Preparing spawn area: 0%
[03:04:50] [Worker-Main-2/INFO]: Preparing spawn area: 0%
[03:04:50] [Worker-Main-2/INFO]: Preparing spawn area: 0%
[03:04:50] [Worker-Main-2/INFO]: Preparing spawn area: 12%
[03:04:51] [Worker-Main-1/INFO]: Preparing spawn area: 77%
[03:04:51] [Server thread/INFO]: Time elapsed: 3624 ms
[03:04:51] [Server thread/INFO]: Done (3.951s)! For help, type "help"
[03:05:17] [Server thread/INFO]: Diegojg[/127.111.228.223:43781] logged in with entity id 10 at (-1354.9296241160093, 3.0, 938.3254765565446)
[03:05:17] [Server thread/INFO]: Diegojg joined the game
[03:05:33] [Server thread/INFO]: Le0[/127.181.217.6:56243] logged in with entity id 374 at (-1203.9133869652983, -53.0, 1175.018127320199)
[03:05:33] [Server thread/INFO]: Le0 joined the game
[03:14:40] [Server thread/INFO]: [Not Secure] <Le0> sopa no teni reparacion?
[03:14:46] [Server thread/INFO]: [Not Secure] <Diegojg> si
[03:14:59] [Server thread/INFO]: [Not Secure] <Diegojg> en mi house
[03:15:14] [Server thread/INFO]: [Not Secure] <Le0> te doy una papa
[03:20:09] [Server thread/INFO]: [Not Secure] <Diegojg> oe
[03:20:13] [Server thread/INFO]: [Not Secure] <Diegojg> tai cerca de tu casa won
[03:20:25] [Server thread/INFO]: [Not Secure] <Le0> nose donde estoy jsjs
[03:20:36] [Server thread/INFO]: [Not Secure] <Diegojg> jasjs
